-----------------------------------------------------------------------
#RoomManager[testSuiteStarted Id='4400' name='Feature - CRUD, delete request expecific exchanges meeting.' timestamp='2017-08-16T19:43:51.606']
#RoomManager[testStarted Id='4400' name='Scenario - Delete expecific exchanges meeting' captureStandardOutput='true' timestamp='2017-08-16T19:44:00.388']
#RoomManager[Finished Id='4400' name='Scenario - Delete expecific exchanges meeting' timestamp='2017-08-16T19:44:00.690']
#RoomManager[testSuiteFinished Id='4400' name='Feature - CRUD, delete request expecific exchanges meeting.' timestamp='2017-08-16T19:44:00.693']
-----------------------------------------------------------------------
-----------------------------------------------------------------------
#RoomManager[testSuiteStarted Id='4400' name='Feature - CRUD, post request for cancelation exchange meeting' timestamp='2017-08-16T19:44:00.693']
#RoomManager[testStarted Id='4400' name='Scenario - Retrieve a cancelation meeting' captureStandardOutput='true' timestamp='2017-08-16T19:44:08.715']
#RoomManager[FAILED Id='4400' name='Scenario - Retrieve a cancelation meeting' message='' timestamp='2017-08-16T19:44:08.927']
#RoomManager[Finished Id='4400' name='Scenario - Retrieve a cancelation meeting' timestamp='2017-08-16T19:44:08.927']
#RoomManager[testSuiteFinished Id='4400' name='Feature - CRUD, post request for cancelation exchange meeting' timestamp='2017-08-16T19:44:08.929']
-----------------------------------------------------------------------
-----------------------------------------------------------------------
#RoomManager[testSuiteStarted Id='4400' name='Feature - CRUD, Post request  exchanges meeting' timestamp='2017-08-16T19:44:08.929']
#RoomManager[testStarted Id='4400' name='Scenario -  - Create a exchanges meeting' captureStandardOutput='true' timestamp='2017-08-16T19:44:10.017']
#RoomManager[FAILED Id='4400' name='Scenario -  - Create a exchanges meeting' message='' timestamp='2017-08-16T19:44:17.374']
#RoomManager[Finished Id='4400' name='Scenario -  - Create a exchanges meeting' timestamp='2017-08-16T19:44:17.375']
#RoomManager[testSuiteFinished Id='4400' name='Feature - CRUD, Post request  exchanges meeting' timestamp='2017-08-16T19:44:17.376']
-----------------------------------------------------------------------
-----------------------------------------------------------------------
#RoomManager[testSuiteStarted Id='4400' name='Feature - CRUD, put request with different endpoints.' timestamp='2017-08-16T19:44:17.376']
#RoomManager[testStarted Id='4400' name='Scenario - Update expecific exchanges meeting' captureStandardOutput='true' timestamp='2017-08-16T19:44:25.368']
#RoomManager[Finished Id='4400' name='Scenario - Update expecific exchanges meeting' timestamp='2017-08-16T19:44:26.573']
#RoomManager[testSuiteFinished Id='4400' name='Feature - CRUD, put request with different endpoints.' timestamp='2017-08-16T19:44:26.574']
-----------------------------------------------------------------------
-----------------------------------------------------------------------
#RoomManager[testSuiteStarted Id='4400' name='Feature - SMOKE, GET request to services' timestamp='2017-08-16T19:44:26.575']
#RoomManager[testStarted Id='4400' name='Scenario - Retrieve  the all the services' captureStandardOutput='true' timestamp='2017-08-16T19:44:27.659']
#RoomManager[testSuiteFinished Id='4400' name='Feature - SMOKE, GET request to services' timestamp='2017-08-16T19:44:27.695']
#RoomManager[Finished Id='4400' name='Scenario - Retrieve  the all the services' timestamp='2017-08-16T19:44:27.694']
-----------------------------------------------------------------------
-----------------------------------------------------------------------
#RoomManager[testSuiteStarted Id='4400' name='Feature - CRUD - Create a new service, using a valid |'hostname|' with valid credentials' timestamp='2017-08-16T19:44:27.695']
#RoomManager[testStarted Id='4400' name='Scenario - A new service should be created after used the correct parameters' captureStandardOutput='true' timestamp='2017-08-16T19:44:28.852']
#RoomManager[Finished Id='4400' name='Scenario - A new service should be created after used the correct parameters' timestamp='2017-08-16T19:44:28.967']
#RoomManager[testSuiteFinished Id='4400' name='Feature - CRUD - Create a new service, using a valid |'hostname|' with valid credentials' timestamp='2017-08-16T19:44:28.969']
-----------------------------------------------------------------------
-----------------------------------------------------------------------
#RoomManager[testSuiteStarted Id='4400' name='Feature - CRUD - Update an existing service' timestamp='2017-08-16T19:44:28.970']
#RoomManager[testStarted Id='4400' name='Scenario - Update the service using valid exchange credentials' captureStandardOutput='true' timestamp='2017-08-16T19:44:30.286']
#RoomManager[Finished Id='4400' name='Scenario - Update the service using valid exchange credentials' timestamp='2017-08-16T19:44:30.332']
#RoomManager[testStarted Id='4400' name='Scenario - Delete the service using valid exchange credentials' captureStandardOutput='true' timestamp='2017-08-16T19:44:31.628']
#RoomManager[FAILED Id='4400' name='Scenario - Delete the service using valid exchange credentials' message='' timestamp='2017-08-16T19:44:31.691']
#RoomManager[Finished Id='4400' name='Scenario - Delete the service using valid exchange credentials' timestamp='2017-08-16T19:44:31.691']
#RoomManager[testSuiteFinished Id='4400' name='Feature - CRUD - Update an existing service' timestamp='2017-08-16T19:44:31.693']
-----------------------------------------------------------------------
-----------------------------------------------------------------------
#RoomManager[testSuiteStarted Id='4400' name='Feature - CRUD' timestamp='2017-08-16T19:44:31.693']
#RoomManager[testStarted Id='4400' name='Scenario - Retrieve all the created meetings' captureStandardOutput='true' timestamp='2017-08-16T19:44:32.862']
#RoomManager[Finished Id='4400' name='Scenario - Retrieve all the created meetings' timestamp='2017-08-16T19:44:32.914']
#RoomManager[testSuiteFinished Id='4400' name='Feature - CRUD' timestamp='2017-08-16T19:44:32.916']
-----------------------------------------------------------------------
-----------------------------------------------------------------------
#RoomManager[testSuiteStarted Id='4400' name='Feature - CRUD' timestamp='2017-08-16T19:44:32.917']
#RoomManager[testStarted Id='4400' name='Scenario - Retrieve a specific meeting' captureStandardOutput='true' timestamp='2017-08-16T19:44:33.987']
#RoomManager[FAILED Id='4400' name='Scenario - Retrieve a specific meeting' message='' timestamp='2017-08-16T19:44:34.008']
#RoomManager[Finished Id='4400' name='Scenario - Retrieve a specific meeting' timestamp='2017-08-16T19:44:34.009']
#RoomManager[testSuiteFinished Id='4400' name='Feature - CRUD' timestamp='2017-08-16T19:44:34.010']
-----------------------------------------------------------------------
-----------------------------------------------------------------------
#RoomManager[testSuiteStarted Id='4400' name='Feature - CRUD' timestamp='2017-08-16T19:44:34.010']
#RoomManager[testStarted Id='4400' name='Scenario - Retrieve a specific meeting' captureStandardOutput='true' timestamp='2017-08-16T19:44:35.119']
#RoomManager[FAILED Id='4400' name='Scenario - Retrieve a specific meeting' message='' timestamp='2017-08-16T19:44:35.150']
#RoomManager[Finished Id='4400' name='Scenario - Retrieve a specific meeting' timestamp='2017-08-16T19:44:35.150']
#RoomManager[testSuiteFinished Id='4400' name='Feature - CRUD' timestamp='2017-08-16T19:44:35.152']
-----------------------------------------------------------------------
-----------------------------------------------------------------------
#RoomManager[testSuiteStarted Id='4400' name='Feature - CRUD' timestamp='2017-08-16T19:44:35.152']
#RoomManager[testStarted Id='4400' name='Scenario - Create a meeting setting the field |'organizer|' with a valid |'room|' email' captureStandardOutput='true' timestamp='2017-08-16T19:44:36.232']
#RoomManager[FAILED Id='4400' name='Scenario - Create a meeting setting the field |'organizer|' with a valid |'room|' email' message='' timestamp='2017-08-16T19:44:36.253']
#RoomManager[Finished Id='4400' name='Scenario - Create a meeting setting the field |'organizer|' with a valid |'room|' email' timestamp='2017-08-16T19:44:36.254']
#RoomManager[testSuiteFinished Id='4400' name='Feature - CRUD' timestamp='2017-08-16T19:44:36.255']
-----------------------------------------------------------------------
-----------------------------------------------------------------------
#RoomManager[testSuiteStarted Id='4400' name='Feature - CRUD' timestamp='2017-08-16T19:44:36.255']
#RoomManager[testStarted Id='4400' name='Scenario - Create a meeting setting the field |'organizer|' with a valid |'user|' email' captureStandardOutput='true' timestamp='2017-08-16T19:44:37.332']
#RoomManager[FAILED Id='4400' name='Scenario - Create a meeting setting the field |'organizer|' with a valid |'user|' email' message='' timestamp='2017-08-16T19:44:37.354']
#RoomManager[Finished Id='4400' name='Scenario - Create a meeting setting the field |'organizer|' with a valid |'user|' email' timestamp='2017-08-16T19:44:37.354']
#RoomManager[testSuiteFinished Id='4400' name='Feature - CRUD' timestamp='2017-08-16T19:44:37.355']
-----------------------------------------------------------------------
-----------------------------------------------------------------------
#RoomManager[testSuiteStarted Id='4400' name='Feature - CRUD' timestamp='2017-08-16T19:44:37.356']
#RoomManager[testStarted Id='4400' name='Scenario - Update an existing meeting, setting |'organizer|' with another' captureStandardOutput='true' timestamp='2017-08-16T19:44:38.460']
#RoomManager[FAILED Id='4400' name='Scenario - Update an existing meeting, setting |'organizer|' with another' message='' timestamp='2017-08-16T19:44:38.491']
#RoomManager[Finished Id='4400' name='Scenario - Update an existing meeting, setting |'organizer|' with another' timestamp='2017-08-16T19:44:38.492']
#RoomManager[testSuiteFinished Id='4400' name='Feature - CRUD' timestamp='2017-08-16T19:44:38.493']
-----------------------------------------------------------------------
-----------------------------------------------------------------------
#RoomManager[testSuiteStarted Id='4400' name='Feature - CRUD' timestamp='2017-08-16T19:44:38.493']
#RoomManager[testStarted Id='4400' name='Scenario - Update an existing meeting, setting |'organizer|' with another' captureStandardOutput='true' timestamp='2017-08-16T19:44:45.261']
#RoomManager[FAILED Id='4400' name='Scenario - Update an existing meeting, setting |'organizer|' with another' message='' timestamp='2017-08-16T19:44:45.985']
#RoomManager[Finished Id='4400' name='Scenario - Update an existing meeting, setting |'organizer|' with another' timestamp='2017-08-16T19:44:45.985']
#RoomManager[testSuiteFinished Id='4400' name='Feature - CRUD' timestamp='2017-08-16T19:44:45.986']
-----------------------------------------------------------------------
-----------------------------------------------------------------------
#RoomManager[testSuiteStarted Id='4400' name='Feature - DELETE an existing service' timestamp='2017-08-16T19:44:45.987']
#RoomManager[testStarted Id='4400' name='Scenario - Delete a service created using the retrieved id' captureStandardOutput='true' timestamp='2017-08-16T19:44:47.220']
#RoomManager[Finished Id='4400' name='Scenario - Delete a service created using the retrieved id' timestamp='2017-08-16T19:44:47.305']
#RoomManager[testSuiteFinished Id='4400' name='Feature - DELETE an existing service' timestamp='2017-08-16T19:44:47.307']
-----------------------------------------------------------------------
-----------------------------------------------------------------------
#RoomManager[testSuiteStarted Id='4400' name='Feature - GET request to all rooms' timestamp='2017-08-16T19:44:47.307']
#RoomManager[testStarted Id='4400' name='Scenario - Retrieve all the created services' captureStandardOutput='true' timestamp='2017-08-16T19:44:48.499']
#RoomManager[Finished Id='4400' name='Scenario - Retrieve all the created services' timestamp='2017-08-16T19:44:48.567']
#RoomManager[testSuiteFinished Id='4400' name='Feature - GET request to all rooms' timestamp='2017-08-16T19:44:48.569']
-----------------------------------------------------------------------
-----------------------------------------------------------------------
#RoomManager[testSuiteStarted Id='4400' name='Feature - POST a new service' timestamp='2017-08-16T19:44:48.569']
#RoomManager[testStarted Id='4400' name='Scenario -  - Create a new service using the correct and required parameters.' captureStandardOutput='true' timestamp='2017-08-16T19:44:49.765']
#RoomManager[FAILED Id='4400' name='Scenario -  - Create a new service using the correct and required parameters.' message='' timestamp='2017-08-16T19:44:49.806']
#RoomManager[Finished Id='4400' name='Scenario -  - Create a new service using the correct and required parameters.' timestamp='2017-08-16T19:44:49.806']
#RoomManager[testSuiteFinished Id='4400' name='Feature - POST a new service' timestamp='2017-08-16T19:44:49.808']
-----------------------------------------------------------------------
-----------------------------------------------------------------------
#RoomManager[testSuiteStarted Id='4400' name='Feature - PUT an existing service' timestamp='2017-08-16T19:44:49.808']
#RoomManager[testStarted Id='4400' name='Scenario - Update a service created using a different deleteLockTime' captureStandardOutput='true' timestamp='2017-08-16T19:44:51.093']
#RoomManager[FAILED Id='4400' name='Scenario - Update a service created using a different deleteLockTime' message='' timestamp='2017-08-16T19:44:51.135']
#RoomManager[Finished Id='4400' name='Scenario - Update a service created using a different deleteLockTime' timestamp='2017-08-16T19:44:51.136']
#RoomManager[testSuiteFinished Id='4400' name='Feature - PUT an existing service' timestamp='2017-08-16T19:44:51.136']
-----------------------------------------------------------------------
